[debug] [2024-06-26T00:24:13.520Z] ----------------------------------------------------------------------
[debug] [2024-06-26T00:24:13.522Z] Command:       C:\Program Files\nodejs\node.exe C:\Users\Valdi\AppData\Roaming\npm\node_modules\firebase-tools\lib\bin\firebase.js init
[debug] [2024-06-26T00:24:13.523Z] CLI Version:   13.11.4
[debug] [2024-06-26T00:24:13.523Z] Platform:      win32
[debug] [2024-06-26T00:24:13.523Z] Node Version:  v20.13.1
[debug] [2024-06-26T00:24:13.523Z] Time:          Tue Jun 25 2024 18:24:13 GMT-0600 (Central Standard Time)
[debug] [2024-06-26T00:24:13.523Z] ----------------------------------------------------------------------
[debug] 
[debug] [2024-06-26T00:24:13.527Z] >>> [apiv2][query] GET https://firebase-public.firebaseio.com/cli.json [none]
[debug] [2024-06-26T00:24:13.560Z] > command requires scopes: ["email","openid","https://www.googleapis.com/auth/cloudplatformprojects.readonly","https://www.googleapis.com/auth/firebase","https://www.googleapis.com/auth/cloud-platform"]
[debug] [2024-06-26T00:24:13.560Z] > authorizing via signed-in user (firebaseequipotw@gmail.com)
[info] 
     ######## #### ########  ######## ########     ###     ######  ########
     ##        ##  ##     ## ##       ##     ##  ##   ##  ##       ##
     ######    ##  ########  ######   ########  #########  ######  ######
     ##        ##  ##    ##  ##       ##     ## ##     ##       ## ##
     ##       #### ##     ## ######## ########  ##     ##  ######  ########

You're about to initialize a Firebase project in this directory:

  C:\Users\Valdi\Documents\ProyectoNode

[debug] [2024-06-26T00:24:13.788Z] <<< [apiv2][status] GET https://firebase-public.firebaseio.com/cli.json 200
[debug] [2024-06-26T00:24:13.789Z] <<< [apiv2][body] GET https://firebase-public.firebaseio.com/cli.json {"cloudBuildErrorAfter":1594252800000,"cloudBuildWarnAfter":1590019200000,"defaultNode10After":1594252800000,"minVersion":"3.0.5","node8DeploysDisabledAfter":1613390400000,"node8RuntimeDisabledAfter":1615809600000,"node8WarnAfter":1600128000000}
[info] 
=== Project Setup
[info] 
[info] First, let's associate this project directory with a Firebase project.
[info] You can create multiple project aliases by running firebase use --add, 
[info] but for now we'll just set up a default project.
[info] 
[debug] [2024-06-26T00:24:39.485Z] > refreshing access token with scopes: []
[debug] [2024-06-26T00:24:39.486Z] >>> [apiv2][query] POST https://www.googleapis.com/oauth2/v3/token [none]
[debug] [2024-06-26T00:24:39.486Z] >>> [apiv2][body] POST https://www.googleapis.com/oauth2/v3/token [omitted]
[debug] [2024-06-26T00:24:39.724Z] <<< [apiv2][status] POST https://www.googleapis.com/oauth2/v3/token 200
[debug] [2024-06-26T00:24:39.724Z] <<< [apiv2][body] POST https://www.googleapis.com/oauth2/v3/token [omitted]
[debug] [2024-06-26T00:24:39.733Z] >>> [apiv2][query] GET https://firebase.googleapis.com/v1beta1/projects pageSize=100
[debug] [2024-06-26T00:24:40.137Z] <<< [apiv2][status] GET https://firebase.googleapis.com/v1beta1/projects 200
[debug] [2024-06-26T00:24:40.137Z] <<< [apiv2][body] GET https://firebase.googleapis.com/v1beta1/projects [omitted]
[info] i  Using project pf-rap (PF-RAP) 
[info] 
=== Database Setup
[info] i  database: ensuring required API firebasedatabase.googleapis.com is enabled... 
[debug] [2024-06-26T00:24:44.119Z] >>> [apiv2][query] GET https://serviceusage.googleapis.com/v1/projects/pf-rap/services/firebasedatabase.googleapis.com [none]
[debug] [2024-06-26T00:24:44.120Z] >>> [apiv2][(partial)header] GET https://serviceusage.googleapis.com/v1/projects/pf-rap/services/firebasedatabase.googleapis.com x-goog-quota-user=projects/pf-rap
[debug] [2024-06-26T00:24:44.642Z] <<< [apiv2][status] GET https://serviceusage.googleapis.com/v1/projects/pf-rap/services/firebasedatabase.googleapis.com 200
[debug] [2024-06-26T00:24:44.643Z] <<< [apiv2][body] GET https://serviceusage.googleapis.com/v1/projects/pf-rap/services/firebasedatabase.googleapis.com [omitted]
[info] +  database: required API firebasedatabase.googleapis.com is enabled 
[info] 
[debug] [2024-06-26T00:24:44.644Z] >>> [apiv2][query] GET https://firebasedatabase.googleapis.com/v1beta/projects/pf-rap/locations/-/instances/pf-rap-default-rtdb [none]
[debug] [2024-06-26T00:24:45.182Z] <<< [apiv2][status] GET https://firebasedatabase.googleapis.com/v1beta/projects/pf-rap/locations/-/instances/pf-rap-default-rtdb 200
[debug] [2024-06-26T00:24:45.182Z] <<< [apiv2][body] GET https://firebasedatabase.googleapis.com/v1beta/projects/pf-rap/locations/-/instances/pf-rap-default-rtdb {"name":"projects/296975379675/locations/us-central1/instances/pf-rap-default-rtdb","project":"projects/296975379675","databaseUrl":"https://pf-rap-default-rtdb.firebaseio.com","type":"DEFAULT_DATABASE","state":"ACTIVE"}
[info] 
[info] Firebase Realtime Database Security Rules allow you to define how your data should be
[info] structured and when your data can be read from and written to.
[info] 
[debug] [2024-06-26T00:24:48.519Z] >>> [apiv2][query] GET https://pf-rap-default-rtdb.firebaseio.com/.settings/rules.json [none]
[debug] [2024-06-26T00:24:48.811Z] <<< [apiv2][status] GET https://pf-rap-default-rtdb.firebaseio.com/.settings/rules.json 200
[debug] [2024-06-26T00:24:48.811Z] <<< [apiv2][body] GET https://pf-rap-default-rtdb.firebaseio.com/.settings/rules.json [stream]
[info] +  Database Rules for pf-rap-default-rtdb have been written to database.rules.json. 
[info] Future modifications to database.rules.json will update Realtime Database Security Rules when you run
[info] firebase deploy.
[info] 
=== Firestore Setup
[debug] [2024-06-26T00:24:48.814Z] >>> [apiv2][query] GET https://serviceusage.googleapis.com/v1/projects/pf-rap/services/firestore.googleapis.com [none]
[debug] [2024-06-26T00:24:48.814Z] >>> [apiv2][(partial)header] GET https://serviceusage.googleapis.com/v1/projects/pf-rap/services/firestore.googleapis.com x-goog-quota-user=projects/pf-rap
[debug] [2024-06-26T00:24:49.001Z] <<< [apiv2][status] GET https://serviceusage.googleapis.com/v1/projects/pf-rap/services/firestore.googleapis.com 200
[debug] [2024-06-26T00:24:49.001Z] <<< [apiv2][body] GET https://serviceusage.googleapis.com/v1/projects/pf-rap/services/firestore.googleapis.com [omitted]
[debug] [2024-06-26T00:24:49.001Z] >>> [apiv2][query] GET https://firestore.googleapis.com/v1/projects/pf-rap/databases/(default) [none]
[debug] [2024-06-26T00:24:49.404Z] <<< [apiv2][status] GET https://firestore.googleapis.com/v1/projects/pf-rap/databases/(default) 200
[debug] [2024-06-26T00:24:49.404Z] <<< [apiv2][body] GET https://firestore.googleapis.com/v1/projects/pf-rap/databases/(default) {"name":"projects/pf-rap/databases/(default)","uid":"af75dfc0-7e96-4401-a916-087b47077cd4","createTime":"2024-06-23T21:01:41.073370Z","updateTime":"2024-06-23T21:01:41.073370Z","locationId":"nam5","type":"FIRESTORE_NATIVE","concurrencyMode":"PESSIMISTIC","versionRetentionPeriod":"3600s","earliestVersionTime":"2024-06-25T23:24:48.139142Z","appEngineIntegrationMode":"DISABLED","keyPrefix":"s","pointInTimeRecoveryEnablement":"POINT_IN_TIME_RECOVERY_DISABLED","deleteProtectionState":"DELETE_PROTECTION_DISABLED","etag":"IM/i9tWA+IYDMMSg1/T/94YD"}
[debug] [2024-06-26T00:24:49.404Z] database_type: FIRESTORE_NATIVE
[debug] [2024-06-26T00:24:49.404Z] > command requires scopes: ["email","openid","https://www.googleapis.com/auth/cloudplatformprojects.readonly","https://www.googleapis.com/auth/firebase","https://www.googleapis.com/auth/cloud-platform"]
[debug] [2024-06-26T00:24:49.404Z] > authorizing via signed-in user (firebaseequipotw@gmail.com)
[debug] [2024-06-26T00:24:49.404Z] [iam] checking project pf-rap for permissions ["firebase.projects.get"]
[debug] [2024-06-26T00:24:49.405Z] >>> [apiv2][query] POST https://cloudresourcemanager.googleapis.com/v1/projects/pf-rap:testIamPermissions [none]
[debug] [2024-06-26T00:24:49.405Z] >>> [apiv2][(partial)header] POST https://cloudresourcemanager.googleapis.com/v1/projects/pf-rap:testIamPermissions x-goog-quota-user=projects/pf-rap
[debug] [2024-06-26T00:24:49.405Z] >>> [apiv2][body] POST https://cloudresourcemanager.googleapis.com/v1/projects/pf-rap:testIamPermissions {"permissions":["firebase.projects.get"]}
[debug] [2024-06-26T00:24:49.671Z] <<< [apiv2][status] POST https://cloudresourcemanager.googleapis.com/v1/projects/pf-rap:testIamPermissions 200
[debug] [2024-06-26T00:24:49.671Z] <<< [apiv2][body] POST https://cloudresourcemanager.googleapis.com/v1/projects/pf-rap:testIamPermissions {"permissions":["firebase.projects.get"]}
[info] 
[info] Firestore Security Rules allow you to define how and when to allow
[info] requests. You can keep these rules in your project directory
[info] and publish them with firebase deploy.
[info] 
[debug] [2024-06-26T00:24:50.960Z] >>> [apiv2][query] GET https://firebaserules.googleapis.com/v1/projects/pf-rap/releases pageSize=10&pageToken=
[debug] [2024-06-26T00:24:51.292Z] <<< [apiv2][status] GET https://firebaserules.googleapis.com/v1/projects/pf-rap/releases 200
[debug] [2024-06-26T00:24:51.292Z] <<< [apiv2][body] GET https://firebaserules.googleapis.com/v1/projects/pf-rap/releases {"releases":[{"name":"projects/pf-rap/releases/cloud.firestore","rulesetName":"projects/pf-rap/rulesets/499f8fc5-a935-4888-89ae-1d1aafded46e","createTime":"2024-06-23T21:01:42.673701Z","updateTime":"2024-06-23T21:13:32.544267Z"}]}
[debug] [2024-06-26T00:24:51.292Z] Found ruleset: projects/pf-rap/rulesets/499f8fc5-a935-4888-89ae-1d1aafded46e
[debug] [2024-06-26T00:24:51.293Z] >>> [apiv2][query] GET https://firebaserules.googleapis.com/v1/projects/pf-rap/rulesets/499f8fc5-a935-4888-89ae-1d1aafded46e [none]
[debug] [2024-06-26T00:24:51.420Z] <<< [apiv2][status] GET https://firebaserules.googleapis.com/v1/projects/pf-rap/rulesets/499f8fc5-a935-4888-89ae-1d1aafded46e 200
[debug] [2024-06-26T00:24:51.420Z] <<< [apiv2][body] GET https://firebaserules.googleapis.com/v1/projects/pf-rap/rulesets/499f8fc5-a935-4888-89ae-1d1aafded46e [omitted]
[info] 
[info] Firestore indexes allow you to perform complex queries while
[info] maintaining performance that scales with the size of the result
[info] set. You can keep index definitions in your project directory
[info] and publish them with firebase deploy.
[info] 
[debug] [2024-06-26T00:24:52.061Z] >>> [apiv2][query] GET https://firestore.googleapis.com/v1/projects/pf-rap/databases/(default)/collectionGroups/-/indexes [none]
[debug] [2024-06-26T00:24:52.061Z] >>> [apiv2][query] GET https://firestore.googleapis.com/v1/projects/pf-rap/databases/(default)/collectionGroups/-/fields?filter=indexConfig.usesAncestorConfig=false OR ttlConfig:* [none]
[debug] [2024-06-26T00:24:52.191Z] <<< [apiv2][status] GET https://firestore.googleapis.com/v1/projects/pf-rap/databases/(default)/collectionGroups/-/indexes 200
[debug] [2024-06-26T00:24:52.191Z] <<< [apiv2][body] GET https://firestore.googleapis.com/v1/projects/pf-rap/databases/(default)/collectionGroups/-/indexes {"indexes":[{"name":"projects/pf-rap/databases/(default)/collectionGroups/citas/indexes/CICAgOjXh4EK","queryScope":"COLLECTION","fields":[{"fieldPath":"uid","order":"ASCENDING"},{"fieldPath":"fecha","order":"ASCENDING"},{"fieldPath":"hora","order":"ASCENDING"},{"fieldPath":"__name__","order":"ASCENDING"}],"state":"READY"}]}
[debug] [2024-06-26T00:24:52.462Z] <<< [apiv2][status] GET https://firestore.googleapis.com/v1/projects/pf-rap/databases/(default)/collectionGroups/-/fields?filter=indexConfig.usesAncestorConfig=false OR ttlConfig:* 200
[debug] [2024-06-26T00:24:52.463Z] <<< [apiv2][body] GET https://firestore.googleapis.com/v1/projects/pf-rap/databases/(default)/collectionGroups/-/fields?filter=indexConfig.usesAncestorConfig=false OR ttlConfig:* {"fields":[{"name":"projects/pf-rap/databases/(default)/collectionGroups/__default__/fields/*","indexConfig":{"indexes":[{"queryScope":"COLLECTION","fields":[{"fieldPath":"*","order":"ASCENDING"}],"state":"READY"},{"queryScope":"COLLECTION","fields":[{"fieldPath":"*","order":"DESCENDING"}],"state":"READY"},{"queryScope":"COLLECTION","fields":[{"fieldPath":"*","arrayConfig":"CONTAINS"}],"state":"READY"}]}}]}
[info] 
=== Functions Setup
[debug] [2024-06-26T00:24:52.464Z] > command requires scopes: ["email","openid","https://www.googleapis.com/auth/cloudplatformprojects.readonly","https://www.googleapis.com/auth/firebase","https://www.googleapis.com/auth/cloud-platform"]
[debug] [2024-06-26T00:24:52.464Z] > authorizing via signed-in user (firebaseequipotw@gmail.com)
[debug] [2024-06-26T00:24:52.465Z] [iam] checking project pf-rap for permissions ["firebase.projects.get"]
[debug] [2024-06-26T00:24:52.465Z] >>> [apiv2][query] POST https://cloudresourcemanager.googleapis.com/v1/projects/pf-rap:testIamPermissions [none]
[debug] [2024-06-26T00:24:52.465Z] >>> [apiv2][(partial)header] POST https://cloudresourcemanager.googleapis.com/v1/projects/pf-rap:testIamPermissions x-goog-quota-user=projects/pf-rap
[debug] [2024-06-26T00:24:52.465Z] >>> [apiv2][body] POST https://cloudresourcemanager.googleapis.com/v1/projects/pf-rap:testIamPermissions {"permissions":["firebase.projects.get"]}
[debug] [2024-06-26T00:24:52.575Z] <<< [apiv2][status] POST https://cloudresourcemanager.googleapis.com/v1/projects/pf-rap:testIamPermissions 200
[debug] [2024-06-26T00:24:52.575Z] <<< [apiv2][body] POST https://cloudresourcemanager.googleapis.com/v1/projects/pf-rap:testIamPermissions {"permissions":["firebase.projects.get"]}
[debug] [2024-06-26T00:24:52.576Z] >>> [apiv2][query] GET https://serviceusage.googleapis.com/v1/projects/pf-rap/services/cloudfunctions.googleapis.com [none]
[debug] [2024-06-26T00:24:52.576Z] >>> [apiv2][(partial)header] GET https://serviceusage.googleapis.com/v1/projects/pf-rap/services/cloudfunctions.googleapis.com x-goog-quota-user=projects/pf-rap
[debug] [2024-06-26T00:24:52.576Z] >>> [apiv2][query] GET https://serviceusage.googleapis.com/v1/projects/pf-rap/services/runtimeconfig.googleapis.com [none]
[debug] [2024-06-26T00:24:52.576Z] >>> [apiv2][(partial)header] GET https://serviceusage.googleapis.com/v1/projects/pf-rap/services/runtimeconfig.googleapis.com x-goog-quota-user=projects/pf-rap
[debug] [2024-06-26T00:24:52.760Z] <<< [apiv2][status] GET https://serviceusage.googleapis.com/v1/projects/pf-rap/services/cloudfunctions.googleapis.com 200
[debug] [2024-06-26T00:24:52.760Z] <<< [apiv2][body] GET https://serviceusage.googleapis.com/v1/projects/pf-rap/services/cloudfunctions.googleapis.com [omitted]
[debug] [2024-06-26T00:24:53.034Z] <<< [apiv2][status] GET https://serviceusage.googleapis.com/v1/projects/pf-rap/services/runtimeconfig.googleapis.com 200
[debug] [2024-06-26T00:24:53.034Z] <<< [apiv2][body] GET https://serviceusage.googleapis.com/v1/projects/pf-rap/services/runtimeconfig.googleapis.com [omitted]
[info] Let's create a new codebase for your functions.
[info] A directory corresponding to the codebase will be created in your project
[info] with sample code pre-configured.

[info] See https://firebase.google.com/docs/functions/organize-functions for
[info] more information on organizing your functions using codebases.

[info] Functions can be deployed with firebase deploy.

[info] +  Wrote functions/package.json 
[info] +  Wrote functions/.eslintrc.js 
[info] +  Wrote functions/tsconfig.json 
[info] +  Wrote functions/tsconfig.dev.json 
[info] +  Wrote functions/src/index.ts 
[info] +  Wrote functions/.gitignore 
[info] 
=== Hosting Setup
[debug] [2024-06-26T00:26:13.545Z] >>> [apiv2][query] GET https://firebase.googleapis.com/v1beta1/projects/pf-rap [none]
[debug] [2024-06-26T00:26:13.847Z] <<< [apiv2][status] GET https://firebase.googleapis.com/v1beta1/projects/pf-rap 200
[debug] [2024-06-26T00:26:13.847Z] <<< [apiv2][body] GET https://firebase.googleapis.com/v1beta1/projects/pf-rap {"projectId":"pf-rap","projectNumber":"296975379675","displayName":"PF-RAP","name":"projects/pf-rap","resources":{"hostingSite":"pf-rap","realtimeDatabaseInstance":"pf-rap-default-rtdb"},"state":"ACTIVE","etag":"1_954b3313-0747-4054-a299-af78cf06cd61"}
[info] 
[info] Your public directory is the folder (relative to your project directory) that
[info] will contain Hosting assets to be uploaded with firebase deploy. If you
[info] have a build process for your assets, use your build's output directory.
[info] 
[debug] [2024-06-26T00:26:31.018Z] >>> [apiv2][query] GET https://www.gstatic.com/firebasejs/releases.json [none]
[debug] [2024-06-26T00:26:31.187Z] <<< [apiv2][status] GET https://www.gstatic.com/firebasejs/releases.json 200
[debug] [2024-06-26T00:26:31.187Z] <<< [apiv2][body] GET https://www.gstatic.com/firebasejs/releases.json {"current":{"version":"10.12.2","browserURL":"https://www.gstatic.com/firebasejs/10.12.2/firebase.js","packageURL":"https://www.gstatic.com/firebasejs/10.12.2/firebase.tgz"},"live":{"version":"10.12","browserURL":"https://www.gstatic.com/firebasejs/live/10.12/firebase.js","packageURL":"https://www.gstatic.com/firebasejs/live/10.12/firebase.tgz"},"components":{"analytics":"https://www.gstatic.com/firebasejs/10.12.2/firebase-analytics.js","app":"https://www.gstatic.com/firebasejs/10.12.2/firebase-app.js","app-check":"https://www.gstatic.com/firebasejs/10.12.2/firebase-app-check.js","auth":"https://www.gstatic.com/firebasejs/10.12.2/firebase-auth.js","auth/cordova":"https://www.gstatic.com/firebasejs/10.12.2/firebase-auth/cordova.js","auth/web-extension":"https://www.gstatic.com/firebasejs/10.12.2/firebase-auth/web-extension.js","functions":"https://www.gstatic.com/firebasejs/10.12.2/firebase-functions.js","firestore":"https://www.gstatic.com/firebasejs/10.12.2/firebase-firestore.js","firestore/lite":"https://www.gstatic.com/firebasejs/10.12.2/firebase-firestore/lite.js","installations":"https://www.gstatic.com/firebasejs/10.12.2/firebase-installations.js","storage":"https://www.gstatic.com/firebasejs/10.12.2/firebase-storage.js","performance":"https://www.gstatic.com/firebasejs/10.12.2/firebase-performance.js","remote-config":"https://www.gstatic.com/firebasejs/10.12.2/firebase-remote-config.js","messaging":"https://www.gstatic.com/firebasejs/10.12.2/firebase-messaging.js","messaging/sw":"https://www.gstatic.com/firebasejs/10.12.2/firebase-messaging/sw.js","database":"https://www.gstatic.com/firebasejs/10.12.2/firebase-database.js","vertexai-preview":"https://www.gstatic.com/firebasejs/10.12.2/firebase-vertexai-preview.js","firestore.memory":"https://www.gstatic.com/firebasejs/10.12.2/firebase-firestore.memory.js"}}
[info] i  Skipping write of public/index.html 
[info] 
[info] i  Didn't detect a .git folder. Assuming C:\Users\Valdi\Documents\ProyectoNode is the project root. 
[info] i  Authorizing with GitHub to upload your service account to a GitHub repository's secrets store. 
[info] 
[info] Visit this URL on this device to log in:
[info] https://github.com/login/oauth/authorize?client_id=89cf50f02ac6aaed3484&state=920885465&redirect_uri=http%3A%2F%2Flocalhost%3A9005&scope=read%3Auser%20repo%20public_repo
[info] 
[info] Waiting for authentication...
